# JRE version: OpenJDK Runtime Environment (8.0_265-b01) (build 1.8.0_265-b01)
# Java VM: OpenJDK 64-Bit Server VM (25.265-b01 mixed mode windows-amd64 compressed oops)
Heap:
 PSYoungGen      total 48128K, used 9619K [0x00000000d6200000, 0x00000000f1600000, 0x0000000100000000)
  eden space 47616K, 20% used [0x00000000d6200000,0x00000000d6b4cd00,0x00000000d9080000)
  from space 512K, 18% used [0x00000000f1580000,0x00000000f1598000,0x00000000f1600000)
  to   space 512K, 0% used [0x00000000f1500000,0x00000000f1500000,0x00000000f1580000)
 ParOldGen       total 85504K, used 24721K [0x0000000082600000, 0x0000000087980000, 0x00000000d6200000)
  object space 85504K, 28% used [0x0000000082600000,0x0000000083e24568,0x0000000087980000)
 Metaspace       used 24158K, capacity 24541K, committed 24704K, reserved 1071104K
  class space    used 2850K, capacity 2941K, committed 2944K, reserved 1048576K
GC Heap History (10 events):
Event: 1025.748 GC heap before
{Heap before GC invocations=8433 (full 1):
 PSYoungGen      total 53248K, used 52864K [0x00000000d6200000, 0x00000000f1600000, 0x0000000100000000)
  eden space 52736K, 100% used [0x00000000d6200000,0x00000000d9580000,0x00000000d9580000)
  from space 512K, 25% used [0x00000000f1500000,0x00000000f1520000,0x00000000f1580000)
  to   space 512K, 0% used [0x00000000f1580000,0x00000000f1580000,0x00000000f1600000)
 ParOldGen       total 85504K, used 24721K [0x0000000082600000, 0x0000000087980000, 0x00000000d6200000)
  object space 85504K, 28% used [0x0000000082600000,0x0000000083e24568,0x0000000087980000)
 Metaspace       used 24158K, capacity 24541K, committed 24704K, reserved 1071104K
  class space    used 2850K, capacity 2941K, committed 2944K, reserved 1048576K
Event: 1025.749 GC heap after
Heap after GC invocations=8433 (full 1):
 PSYoungGen      total 52224K, used 96K [0x00000000d6200000, 0x00000000f1600000, 0x0000000100000000)
  eden space 51712K, 0% used [0x00000000d6200000,0x00000000d6200000,0x00000000d9480000)
  from space 512K, 18% used [0x00000000f1580000,0x00000000f1598000,0x00000000f1600000)
  to   space 512K, 0% used [0x00000000f1500000,0x00000000f1500000,0x00000000f1580000)
 ParOldGen       total 85504K, used 24721K [0x0000000082600000, 0x0000000087980000, 0x00000000d6200000)
  object space 85504K, 28% used [0x0000000082600000,0x0000000083e24568,0x0000000087980000)
 Metaspace       used 24158K, capacity 24541K, committed 24704K, reserved 1071104K
  class space    used 2850K, capacity 2941K, committed 2944K, reserved 1048576K
}
Event: 1025.873 GC heap before
{Heap before GC invocations=8434 (full 1):
 PSYoungGen      total 52224K, used 51808K [0x00000000d6200000, 0x00000000f1600000, 0x0000000100000000)
  eden space 51712K, 100% used [0x00000000d6200000,0x00000000d9480000,0x00000000d9480000)
  from space 512K, 18% used [0x00000000f1580000,0x00000000f1598000,0x00000000f1600000)
  to   space 512K, 0% used [0x00000000f1500000,0x00000000f1500000,0x00000000f1580000)
 ParOldGen       total 85504K, used 24721K [0x0000000082600000, 0x0000000087980000, 0x00000000d6200000)
  object space 85504K, 28% used [0x0000000082600000,0x0000000083e24568,0x0000000087980000)
 Metaspace       used 24158K, capacity 24541K, committed 24704K, reserved 1071104K
  class space    used 2850K, capacity 2941K, committed 2944K, reserved 1048576K
Event: 1025.874 GC heap after
Heap after GC invocations=8434 (full 1):
 PSYoungGen      total 51200K, used 96K [0x00000000d6200000, 0x00000000f1600000, 0x0000000100000000)
  eden space 50688K, 0% used [0x00000000d6200000,0x00000000d6200000,0x00000000d9380000)
  from space 512K, 18% used [0x00000000f1500000,0x00000000f1518000,0x00000000f1580000)
  to   space 512K, 0% used [0x00000000f1580000,0x00000000f1580000,0x00000000f1600000)
 ParOldGen       total 85504K, used 24721K [0x0000000082600000, 0x0000000087980000, 0x00000000d6200000)
  object space 85504K, 28% used [0x0000000082600000,0x0000000083e24568,0x0000000087980000)
 Metaspace       used 24158K, capacity 24541K, committed 24704K, reserved 1071104K
  class space    used 2850K, capacity 2941K, committed 2944K, reserved 1048576K
}
Event: 1025.953 GC heap before
{Heap before GC invocations=8435 (full 1):
 PSYoungGen      total 51200K, used 50784K [0x00000000d6200000, 0x00000000f1600000, 0x0000000100000000)
  eden space 50688K, 100% used [0x00000000d6200000,0x00000000d9380000,0x00000000d9380000)
  from space 512K, 18% used [0x00000000f1500000,0x00000000f1518000,0x00000000f1580000)
  to   space 512K, 0% used [0x00000000f1580000,0x00000000f1580000,0x00000000f1600000)
 ParOldGen       total 85504K, used 24721K [0x0000000082600000, 0x0000000087980000, 0x00000000d6200000)
  object space 85504K, 28% used [0x0000000082600000,0x0000000083e24568,0x0000000087980000)
 Metaspace       used 24158K, capacity 24541K, committed 24704K, reserved 1071104K
  class space    used 2850K, capacity 2941K, committed 2944K, reserved 1048576K
Event: 1025.954 GC heap after
Heap after GC invocations=8435 (full 1):
 PSYoungGen      total 50176K, used 160K [0x00000000d6200000, 0x00000000f1600000, 0x0000000100000000)
  eden space 49664K, 0% used [0x00000000d6200000,0x00000000d6200000,0x00000000d9280000)
  from space 512K, 31% used [0x00000000f1580000,0x00000000f15a8000,0x00000000f1600000)
  to   space 512K, 0% used [0x00000000f1500000,0x00000000f1500000,0x00000000f1580000)
 ParOldGen       total 85504K, used 24721K [0x0000000082600000, 0x0000000087980000, 0x00000000d6200000)
  object space 85504K, 28% used [0x0000000082600000,0x0000000083e24568,0x0000000087980000)
 Metaspace       used 24158K, capacity 24541K, committed 24704K, reserved 1071104K
  class space    used 2850K, capacity 2941K, committed 2944K, reserved 1048576K
}
Event: 1026.047 GC heap before
{Heap before GC invocations=8436 (full 1):
 PSYoungGen      total 50176K, used 49824K [0x00000000d6200000, 0x00000000f1600000, 0x0000000100000000)
  eden space 49664K, 100% used [0x00000000d6200000,0x00000000d9280000,0x00000000d9280000)
  from space 512K, 31% used [0x00000000f1580000,0x00000000f15a8000,0x00000000f1600000)
  to   space 512K, 0% used [0x00000000f1500000,0x00000000f1500000,0x00000000f1580000)
 ParOldGen       total 85504K, used 24721K [0x0000000082600000, 0x0000000087980000, 0x00000000d6200000)
  object space 85504K, 28% used [0x0000000082600000,0x0000000083e24568,0x0000000087980000)
 Metaspace       used 24158K, capacity 24541K, committed 24704K, reserved 1071104K
  class space    used 2850K, capacity 2941K, committed 2944K, reserved 1048576K
Event: 1026.048 GC heap after
Heap after GC invocations=8436 (full 1):
 PSYoungGen      total 49152K, used 64K [0x00000000d6200000, 0x00000000f1600000, 0x0000000100000000)
  eden space 48640K, 0% used [0x00000000d6200000,0x00000000d6200000,0x00000000d9180000)
  from space 512K, 12% used [0x00000000f1500000,0x00000000f1510000,0x00000000f1580000)
  to   space 512K, 0% used [0x00000000f1580000,0x00000000f1580000,0x00000000f1600000)
 ParOldGen       total 85504K, used 24721K [0x0000000082600000, 0x0000000087980000, 0x00000000d6200000)
  object space 85504K, 28% used [0x0000000082600000,0x0000000083e24568,0x0000000087980000)
 Metaspace       used 24158K, capacity 24541K, committed 24704K, reserved 1071104K
  class space    used 2850K, capacity 2941K, committed 2944K, reserved 1048576K
}
Event: 1026.142 GC heap before
{Heap before GC invocations=8437 (full 1):
 PSYoungGen      total 49152K, used 48704K [0x00000000d6200000, 0x00000000f1600000, 0x0000000100000000)
  eden space 48640K, 100% used [0x00000000d6200000,0x00000000d9180000,0x00000000d9180000)
  from space 512K, 12% used [0x00000000f1500000,0x00000000f1510000,0x00000000f1580000)
  to   space 512K, 0% used [0x00000000f1580000,0x00000000f1580000,0x00000000f1600000)
 ParOldGen       total 85504K, used 24721K [0x0000000082600000, 0x0000000087980000, 0x00000000d6200000)
  object space 85504K, 28% used [0x0000000082600000,0x0000000083e24568,0x0000000087980000)
 Metaspace       used 24158K, capacity 24541K, committed 24704K, reserved 1071104K
  class space    used 2850K, capacity 2941K, committed 2944K, reserved 1048576K
Event: 1026.143 GC heap after
Heap after GC invocations=8437 (full 1):
 PSYoungGen      total 48128K, used 96K [0x00000000d6200000, 0x00000000f1600000, 0x0000000100000000)
  eden space 47616K, 0% used [0x00000000d6200000,0x00000000d6200000,0x00000000d9080000)
  from space 512K, 18% used [0x00000000f1580000,0x00000000f1598000,0x00000000f1600000)
  to   space 512K, 0% used [0x00000000f1500000,0x00000000f1500000,0x00000000f1580000)
 ParOldGen       total 85504K, used 24721K [0x0000000082600000, 0x0000000087980000, 0x00000000d6200000)
  object space 85504K, 28% used [0x0000000082600000,0x0000000083e24568,0x0000000087980000)
 Metaspace       used 24158K, capacity 24541K, committed 24704K, reserved 1071104K
  class space    used 2850K, capacity 2941K, committed 2944K, reserved 1048576K
}

